<?xml version="1.0" encoding="UTF-8"?>
<!-- Generated by org.testng.reporters.JUnitXMLReporter -->
<testsuite ignored="0" hostname="LAPTOP-RM4DVEEJ" failures="0" tests="8" name="Test" time="0.08" errors="0" timestamp="2024-11-29T23:09:08 IST">
  <testcase classname="practice_assignment.ClassC" name="demo" time="0.022"/>
  <testcase classname="practice_assignment.ClassC" name="remo" time="0.003"/>
  <testcase classname="practice_assignment.ClassC" name="sample" time="0.003"/>
  <testcase classname="practice_assignment.ClassA" name="fox" time="0.001"/>
  <testcase classname="practice_assignment.ClassA" name="goat" time="0.002"/>
  <testcase classname="practice_assignment.ClassB" name="Exact" time="0.001"/>
  <testcase classname="practice_assignment.ClassB" name="System" time="0.002"/>
  <testcase classname="practice_assignment.ClassB" name="Window" time="0.002"/>
</testsuite> <!-- Test -->
